<?xml version="1.0" encoding="UTF-8"?>
<testsuite xmlns:xsi="http://www.w3.org/2001/XMLSchema-instance" xsi:noNamespaceSchemaLocation="https://maven.apache.org/surefire/maven-surefire-plugin/xsd/surefire-test-report.xsd" version="3.0.2" name="com.example.videomanager.VideoControllerTest" time="7.025" tests="4" errors="0" skipped="0" failures="0">
  <properties>
[...]
</properties>
  <testcase name="testDeleteVideo" classname="com.example.videomanager.VideoControllerTest" time="0.547">
    <system-out><![CDATA[
  .   ____          _            __ _ _
 /\\ / ___'_ __ _ _(_)_ __  __ _ \ \ \ \
( ( )\___ | '_ | '_| | '_ \/ _` | \ \ \ \
 \\/  ___)| |_)| | | | | || (_| |  ) ) ) )
  '  |____| .__|_| |_|_| |_\__, | / / / /
 =========|_|==============|___/=/_/_/_/

 :: Spring Boot ::                (v3.5.0)

2025-10-20T22:29:01.437-03:00  INFO 25676 --- [           main] c.e.videomanager.VideoControllerTest     : Starting VideoControllerTest using Java 22.0.2 with PID 25676 (started by Calango Virtual in C:\Users\jpalv\OneDrive\Área de Trabalho\VideoManager\videomanager)
2025-10-20T22:29:01.439-03:00  INFO 25676 --- [           main] c.e.videomanager.VideoControllerTest     : No active profile set, falling back to 1 default profile: "default"
2025-10-20T22:29:02.357-03:00  INFO 25676 --- [           main] .s.d.r.c.RepositoryConfigurationDelegate : Bootstrapping Spring Data JPA repositories in DEFAULT mode.
2025-10-20T22:29:02.414-03:00  INFO 25676 --- [           main] .s.d.r.c.RepositoryConfigurationDelegate : Finished Spring Data repository scanning in 46 ms. Found 1 JPA repository interface.
2025-10-20T22:29:02.843-03:00  INFO 25676 --- [           main] com.zaxxer.hikari.HikariDataSource       : HikariPool-1 - Starting...
2025-10-20T22:29:03.065-03:00  INFO 25676 --- [           main] com.zaxxer.hikari.pool.HikariPool        : HikariPool-1 - Added connection conn0: url=jdbc:h2:mem:testdb user=SA
2025-10-20T22:29:03.067-03:00  INFO 25676 --- [           main] com.zaxxer.hikari.HikariDataSource       : HikariPool-1 - Start completed.
2025-10-20T22:29:03.282-03:00  INFO 25676 --- [           main] o.hibernate.jpa.internal.util.LogHelper  : HHH000204: Processing PersistenceUnitInfo [name: default]
2025-10-20T22:29:03.385-03:00  INFO 25676 --- [           main] org.hibernate.Version                    : HHH000412: Hibernate ORM core version 6.6.15.Final
2025-10-20T22:29:03.432-03:00  INFO 25676 --- [           main] o.h.c.internal.RegionFactoryInitiator    : HHH000026: Second-level cache disabled
2025-10-20T22:29:03.877-03:00  INFO 25676 --- [           main] o.s.o.j.p.SpringPersistenceUnitInfo      : No LoadTimeWeaver setup: ignoring JPA class transformer
2025-10-20T22:29:03.934-03:00  WARN 25676 --- [           main] org.hibernate.orm.deprecation            : HHH90000025: H2Dialect does not need to be specified explicitly using 'hibernate.dialect' (remove the property setting and it will be selected by default)
2025-10-20T22:29:03.957-03:00  INFO 25676 --- [           main] org.hibernate.orm.connections.pooling    : HHH10001005: Database info:
	Database JDBC URL [Connecting through datasource 'HikariDataSource (HikariPool-1)']
	Database driver: undefined/unknown
	Database version: 2.3.232
	Autocommit mode: undefined/unknown
	Isolation level: undefined/unknown
	Minimum pool size: undefined/unknown
	Maximum pool size: undefined/unknown
2025-10-20T22:29:04.576-03:00  INFO 25676 --- [           main] o.h.e.t.j.p.i.JtaPlatformInitiator       : HHH000489: No JTA platform available (set 'hibernate.transaction.jta.platform' to enable JTA platform integration)
Hibernate: drop table if exists video cascade 
Hibernate: create table video (id bigint generated by default as identity, description varchar(255), metadata varchar(255), title varchar(255), url varchar(255), primary key (id))
2025-10-20T22:29:04.597-03:00  INFO 25676 --- [           main] j.LocalContainerEntityManagerFactoryBean : Initialized JPA EntityManagerFactory for persistence unit 'default'
2025-10-20T22:29:04.949-03:00  WARN 25676 --- [           main] JpaBaseConfiguration$JpaWebConfiguration : spring.jpa.open-in-view is enabled by default. Therefore, database queries may be performed during view rendering. Explicitly configure spring.jpa.open-in-view to disable this warning
2025-10-20T22:29:05.489-03:00  INFO 25676 --- [           main] o.s.b.t.m.w.SpringBootMockServletContext : Initializing Spring TestDispatcherServlet ''
2025-10-20T22:29:05.489-03:00  INFO 25676 --- [           main] o.s.t.web.servlet.TestDispatcherServlet  : Initializing Servlet ''
2025-10-20T22:29:05.491-03:00  INFO 25676 --- [           main] o.s.t.web.servlet.TestDispatcherServlet  : Completed initialization in 1 ms
2025-10-20T22:29:05.513-03:00  INFO 25676 --- [           main] c.e.videomanager.VideoControllerTest     : Started VideoControllerTest in 4.506 seconds (process running for 5.335)
Hibernate: insert into video (description,metadata,title,url,id) values (?,?,?,?,default)
Hibernate: select v1_0.id,v1_0.description,v1_0.metadata,v1_0.title,v1_0.url from video v1_0 where v1_0.id=?
Hibernate: delete from video where id=?
2025-10-20T22:29:06.062-03:00  INFO 25676 --- [           main] j.LocalContainerEntityManagerFactoryBean : Closing JPA EntityManagerFactory for persistence unit 'default'
Hibernate: drop table if exists video cascade 
2025-10-20T22:29:06.065-03:00  INFO 25676 --- [           main] com.zaxxer.hikari.HikariDataSource       : HikariPool-1 - Shutdown initiated...
2025-10-20T22:29:06.067-03:00  INFO 25676 --- [           main] com.zaxxer.hikari.HikariDataSource       : HikariPool-1 - Shutdown completed.
]]></system-out>
    <system-err><![CDATA[Mockito is currently self-attaching to enable the inline-mock-maker. This will no longer work in future releases of the JDK. Please add Mockito as an agent to your build as described in Mockito's documentation: https://javadoc.io/doc/org.mockito/mockito-core/latest/org.mockito/org/mockito/Mockito.html#0.3
WARNING: A Java agent has been loaded dynamically (C:\Users\jpalv\.m2\repository\net\bytebuddy\byte-buddy-agent\1.17.5\byte-buddy-agent-1.17.5.jar)
WARNING: If a serviceability tool is in use, please run with -XX:+EnableDynamicAgentLoading to hide this warning
WARNING: If a serviceability tool is not in use, please run with -Djdk.instrument.traceUsage for more information
WARNING: Dynamic loading of agents will be disallowed by default in a future release
]]></system-err>
  </testcase>
  <testcase name="testGetVideo" classname="com.example.videomanager.VideoControllerTest" time="0.195">
    <system-out><![CDATA[
  .   ____          _            __ _ _
 /\\ / ___'_ __ _ _(_)_ __  __ _ \ \ \ \
( ( )\___ | '_ | '_| | '_ \/ _` | \ \ \ \
 \\/  ___)| |_)| | | | | || (_| |  ) ) ) )
  '  |____| .__|_| |_|_| |_\__, | / / / /
 =========|_|==============|___/=/_/_/_/

 :: Spring Boot ::                (v3.5.0)

2025-10-20T22:29:06.103-03:00  INFO 25676 --- [           main] c.e.videomanager.VideoControllerTest     : Starting VideoControllerTest using Java 22.0.2 with PID 25676 (started by Calango Virtual in C:\Users\jpalv\OneDrive\Área de Trabalho\VideoManager\videomanager)
2025-10-20T22:29:06.103-03:00  INFO 25676 --- [           main] c.e.videomanager.VideoControllerTest     : No active profile set, falling back to 1 default profile: "default"
2025-10-20T22:29:06.233-03:00  INFO 25676 --- [           main] .s.d.r.c.RepositoryConfigurationDelegate : Bootstrapping Spring Data JPA repositories in DEFAULT mode.
2025-10-20T22:29:06.243-03:00  INFO 25676 --- [           main] .s.d.r.c.RepositoryConfigurationDelegate : Finished Spring Data repository scanning in 8 ms. Found 1 JPA repository interface.
2025-10-20T22:29:06.304-03:00  INFO 25676 --- [           main] com.zaxxer.hikari.HikariDataSource       : HikariPool-2 - Starting...
2025-10-20T22:29:06.306-03:00  INFO 25676 --- [           main] com.zaxxer.hikari.pool.HikariPool        : HikariPool-2 - Added connection conn10: url=jdbc:h2:mem:testdb user=SA
2025-10-20T22:29:06.306-03:00  INFO 25676 --- [           main] com.zaxxer.hikari.HikariDataSource       : HikariPool-2 - Start completed.
2025-10-20T22:29:06.321-03:00  INFO 25676 --- [           main] o.hibernate.jpa.internal.util.LogHelper  : HHH000204: Processing PersistenceUnitInfo [name: default]
2025-10-20T22:29:06.323-03:00  INFO 25676 --- [           main] o.h.c.internal.RegionFactoryInitiator    : HHH000026: Second-level cache disabled
2025-10-20T22:29:06.333-03:00  INFO 25676 --- [           main] o.s.o.j.p.SpringPersistenceUnitInfo      : No LoadTimeWeaver setup: ignoring JPA class transformer
2025-10-20T22:29:06.335-03:00  WARN 25676 --- [           main] org.hibernate.orm.deprecation            : HHH90000025: H2Dialect does not need to be specified explicitly using 'hibernate.dialect' (remove the property setting and it will be selected by default)
2025-10-20T22:29:06.336-03:00  INFO 25676 --- [           main] org.hibernate.orm.connections.pooling    : HHH10001005: Database info:
	Database JDBC URL [Connecting through datasource 'HikariDataSource (HikariPool-2)']
	Database driver: undefined/unknown
	Database version: 2.3.232
	Autocommit mode: undefined/unknown
	Isolation level: undefined/unknown
	Minimum pool size: undefined/unknown
	Maximum pool size: undefined/unknown
2025-10-20T22:29:06.362-03:00  INFO 25676 --- [           main] o.h.e.t.j.p.i.JtaPlatformInitiator       : HHH000489: No JTA platform available (set 'hibernate.transaction.jta.platform' to enable JTA platform integration)
Hibernate: drop table if exists video cascade 
Hibernate: create table video (id bigint generated by default as identity, description varchar(255), metadata varchar(255), title varchar(255), url varchar(255), primary key (id))
2025-10-20T22:29:06.365-03:00  INFO 25676 --- [           main] j.LocalContainerEntityManagerFactoryBean : Initialized JPA EntityManagerFactory for persistence unit 'default'
2025-10-20T22:29:06.413-03:00  WARN 25676 --- [           main] JpaBaseConfiguration$JpaWebConfiguration : spring.jpa.open-in-view is enabled by default. Therefore, database queries may be performed during view rendering. Explicitly configure spring.jpa.open-in-view to disable this warning
2025-10-20T22:29:06.521-03:00  INFO 25676 --- [           main] o.s.b.t.m.w.SpringBootMockServletContext : Initializing Spring TestDispatcherServlet ''
2025-10-20T22:29:06.521-03:00  INFO 25676 --- [           main] o.s.t.web.servlet.TestDispatcherServlet  : Initializing Servlet ''
2025-10-20T22:29:06.521-03:00  INFO 25676 --- [           main] o.s.t.web.servlet.TestDispatcherServlet  : Completed initialization in 0 ms
2025-10-20T22:29:06.527-03:00  INFO 25676 --- [           main] c.e.videomanager.VideoControllerTest     : Started VideoControllerTest in 0.452 seconds (process running for 6.35)
Hibernate: insert into video (description,metadata,title,url,id) values (?,?,?,?,default)
Hibernate: select v1_0.id,v1_0.description,v1_0.metadata,v1_0.title,v1_0.url from video v1_0 where v1_0.id=?
2025-10-20T22:29:06.701-03:00  INFO 25676 --- [           main] j.LocalContainerEntityManagerFactoryBean : Closing JPA EntityManagerFactory for persistence unit 'default'
Hibernate: drop table if exists video cascade 
2025-10-20T22:29:06.703-03:00  INFO 25676 --- [           main] com.zaxxer.hikari.HikariDataSource       : HikariPool-2 - Shutdown initiated...
2025-10-20T22:29:06.723-03:00  INFO 25676 --- [           main] com.zaxxer.hikari.HikariDataSource       : HikariPool-2 - Shutdown completed.
]]></system-out>
  </testcase>
  <testcase name="testUpdateVideo" classname="com.example.videomanager.VideoControllerTest" time="0.128">
    <system-out><![CDATA[
  .   ____          _            __ _ _
 /\\ / ___'_ __ _ _(_)_ __  __ _ \ \ \ \
( ( )\___ | '_ | '_| | '_ \/ _` | \ \ \ \
 \\/  ___)| |_)| | | | | || (_| |  ) ) ) )
  '  |____| .__|_| |_|_| |_\__, | / / / /
 =========|_|==============|___/=/_/_/_/

 :: Spring Boot ::                (v3.5.0)

2025-10-20T22:29:06.752-03:00  INFO 25676 --- [           main] c.e.videomanager.VideoControllerTest     : Starting VideoControllerTest using Java 22.0.2 with PID 25676 (started by Calango Virtual in C:\Users\jpalv\OneDrive\Área de Trabalho\VideoManager\videomanager)
2025-10-20T22:29:06.752-03:00  INFO 25676 --- [           main] c.e.videomanager.VideoControllerTest     : No active profile set, falling back to 1 default profile: "default"
2025-10-20T22:29:06.888-03:00  INFO 25676 --- [           main] .s.d.r.c.RepositoryConfigurationDelegate : Bootstrapping Spring Data JPA repositories in DEFAULT mode.
2025-10-20T22:29:06.899-03:00  INFO 25676 --- [           main] .s.d.r.c.RepositoryConfigurationDelegate : Finished Spring Data repository scanning in 9 ms. Found 1 JPA repository interface.
2025-10-20T22:29:06.964-03:00  INFO 25676 --- [           main] com.zaxxer.hikari.HikariDataSource       : HikariPool-3 - Starting...
2025-10-20T22:29:06.966-03:00  INFO 25676 --- [           main] com.zaxxer.hikari.pool.HikariPool        : HikariPool-3 - Added connection conn20: url=jdbc:h2:mem:testdb user=SA
2025-10-20T22:29:06.966-03:00  INFO 25676 --- [           main] com.zaxxer.hikari.HikariDataSource       : HikariPool-3 - Start completed.
2025-10-20T22:29:06.978-03:00  INFO 25676 --- [           main] o.hibernate.jpa.internal.util.LogHelper  : HHH000204: Processing PersistenceUnitInfo [name: default]
2025-10-20T22:29:06.982-03:00  INFO 25676 --- [           main] o.h.c.internal.RegionFactoryInitiator    : HHH000026: Second-level cache disabled
2025-10-20T22:29:06.989-03:00  INFO 25676 --- [           main] o.s.o.j.p.SpringPersistenceUnitInfo      : No LoadTimeWeaver setup: ignoring JPA class transformer
2025-10-20T22:29:06.990-03:00  WARN 25676 --- [           main] org.hibernate.orm.deprecation            : HHH90000025: H2Dialect does not need to be specified explicitly using 'hibernate.dialect' (remove the property setting and it will be selected by default)
2025-10-20T22:29:06.990-03:00  INFO 25676 --- [           main] org.hibernate.orm.connections.pooling    : HHH10001005: Database info:
	Database JDBC URL [Connecting through datasource 'HikariDataSource (HikariPool-3)']
	Database driver: undefined/unknown
	Database version: 2.3.232
	Autocommit mode: undefined/unknown
	Isolation level: undefined/unknown
	Minimum pool size: undefined/unknown
	Maximum pool size: undefined/unknown
2025-10-20T22:29:07.020-03:00  INFO 25676 --- [           main] o.h.e.t.j.p.i.JtaPlatformInitiator       : HHH000489: No JTA platform available (set 'hibernate.transaction.jta.platform' to enable JTA platform integration)
Hibernate: drop table if exists video cascade 
Hibernate: create table video (id bigint generated by default as identity, description varchar(255), metadata varchar(255), title varchar(255), url varchar(255), primary key (id))
2025-10-20T22:29:07.026-03:00  INFO 25676 --- [           main] j.LocalContainerEntityManagerFactoryBean : Initialized JPA EntityManagerFactory for persistence unit 'default'
2025-10-20T22:29:07.093-03:00  WARN 25676 --- [           main] JpaBaseConfiguration$JpaWebConfiguration : spring.jpa.open-in-view is enabled by default. Therefore, database queries may be performed during view rendering. Explicitly configure spring.jpa.open-in-view to disable this warning
2025-10-20T22:29:07.174-03:00  INFO 25676 --- [           main] o.s.b.t.m.w.SpringBootMockServletContext : Initializing Spring TestDispatcherServlet ''
2025-10-20T22:29:07.174-03:00  INFO 25676 --- [           main] o.s.t.web.servlet.TestDispatcherServlet  : Initializing Servlet ''
2025-10-20T22:29:07.175-03:00  INFO 25676 --- [           main] o.s.t.web.servlet.TestDispatcherServlet  : Completed initialization in 1 ms
2025-10-20T22:29:07.180-03:00  INFO 25676 --- [           main] c.e.videomanager.VideoControllerTest     : Started VideoControllerTest in 0.453 seconds (process running for 7.003)
Hibernate: insert into video (description,metadata,title,url,id) values (?,?,?,?,default)
Hibernate: select v1_0.id,v1_0.description,v1_0.metadata,v1_0.title,v1_0.url from video v1_0 where v1_0.id=?
Hibernate: update video set description=?,metadata=?,title=?,url=? where id=?
2025-10-20T22:29:07.279-03:00  INFO 25676 --- [           main] j.LocalContainerEntityManagerFactoryBean : Closing JPA EntityManagerFactory for persistence unit 'default'
Hibernate: drop table if exists video cascade 
2025-10-20T22:29:07.281-03:00  INFO 25676 --- [           main] com.zaxxer.hikari.HikariDataSource       : HikariPool-3 - Shutdown initiated...
2025-10-20T22:29:07.309-03:00  INFO 25676 --- [           main] com.zaxxer.hikari.HikariDataSource       : HikariPool-3 - Shutdown completed.
]]></system-out>
  </testcase>
  <testcase name="testCreateVideo" classname="com.example.videomanager.VideoControllerTest" time="0.02">
    <system-out><![CDATA[
  .   ____          _            __ _ _
 /\\ / ___'_ __ _ _(_)_ __  __ _ \ \ \ \
( ( )\___ | '_ | '_| | '_ \/ _` | \ \ \ \
 \\/  ___)| |_)| | | | | || (_| |  ) ) ) )
  '  |____| .__|_| |_|_| |_\__, | / / / /
 =========|_|==============|___/=/_/_/_/

 :: Spring Boot ::                (v3.5.0)

2025-10-20T22:29:07.334-03:00  INFO 25676 --- [           main] c.e.videomanager.VideoControllerTest     : Starting VideoControllerTest using Java 22.0.2 with PID 25676 (started by Calango Virtual in C:\Users\jpalv\OneDrive\Área de Trabalho\VideoManager\videomanager)
2025-10-20T22:29:07.335-03:00  INFO 25676 --- [           main] c.e.videomanager.VideoControllerTest     : No active profile set, falling back to 1 default profile: "default"
2025-10-20T22:29:07.464-03:00  INFO 25676 --- [           main] .s.d.r.c.RepositoryConfigurationDelegate : Bootstrapping Spring Data JPA repositories in DEFAULT mode.
2025-10-20T22:29:07.473-03:00  INFO 25676 --- [           main] .s.d.r.c.RepositoryConfigurationDelegate : Finished Spring Data repository scanning in 7 ms. Found 1 JPA repository interface.
2025-10-20T22:29:07.515-03:00  INFO 25676 --- [           main] com.zaxxer.hikari.HikariDataSource       : HikariPool-4 - Starting...
2025-10-20T22:29:07.517-03:00  INFO 25676 --- [           main] com.zaxxer.hikari.pool.HikariPool        : HikariPool-4 - Added connection conn28: url=jdbc:h2:mem:testdb user=SA
2025-10-20T22:29:07.518-03:00  INFO 25676 --- [           main] com.zaxxer.hikari.HikariDataSource       : HikariPool-4 - Start completed.
2025-10-20T22:29:07.530-03:00  INFO 25676 --- [           main] o.hibernate.jpa.internal.util.LogHelper  : HHH000204: Processing PersistenceUnitInfo [name: default]
2025-10-20T22:29:07.532-03:00  INFO 25676 --- [           main] o.h.c.internal.RegionFactoryInitiator    : HHH000026: Second-level cache disabled
2025-10-20T22:29:07.539-03:00  INFO 25676 --- [           main] o.s.o.j.p.SpringPersistenceUnitInfo      : No LoadTimeWeaver setup: ignoring JPA class transformer
2025-10-20T22:29:07.540-03:00  WARN 25676 --- [           main] org.hibernate.orm.deprecation            : HHH90000025: H2Dialect does not need to be specified explicitly using 'hibernate.dialect' (remove the property setting and it will be selected by default)
2025-10-20T22:29:07.541-03:00  INFO 25676 --- [           main] org.hibernate.orm.connections.pooling    : HHH10001005: Database info:
	Database JDBC URL [Connecting through datasource 'HikariDataSource (HikariPool-4)']
	Database driver: undefined/unknown
	Database version: 2.3.232
	Autocommit mode: undefined/unknown
	Isolation level: undefined/unknown
	Minimum pool size: undefined/unknown
	Maximum pool size: undefined/unknown
2025-10-20T22:29:07.562-03:00  INFO 25676 --- [           main] o.h.e.t.j.p.i.JtaPlatformInitiator       : HHH000489: No JTA platform available (set 'hibernate.transaction.jta.platform' to enable JTA platform integration)
Hibernate: drop table if exists video cascade 
Hibernate: create table video (id bigint generated by default as identity, description varchar(255), metadata varchar(255), title varchar(255), url varchar(255), primary key (id))
2025-10-20T22:29:07.564-03:00  INFO 25676 --- [           main] j.LocalContainerEntityManagerFactoryBean : Initialized JPA EntityManagerFactory for persistence unit 'default'
2025-10-20T22:29:07.601-03:00  WARN 25676 --- [           main] JpaBaseConfiguration$JpaWebConfiguration : spring.jpa.open-in-view is enabled by default. Therefore, database queries may be performed during view rendering. Explicitly configure spring.jpa.open-in-view to disable this warning
2025-10-20T22:29:07.665-03:00  INFO 25676 --- [           main] o.s.b.t.m.w.SpringBootMockServletContext : Initializing Spring TestDispatcherServlet ''
2025-10-20T22:29:07.665-03:00  INFO 25676 --- [           main] o.s.t.web.servlet.TestDispatcherServlet  : Initializing Servlet ''
2025-10-20T22:29:07.665-03:00  INFO 25676 --- [           main] o.s.t.web.servlet.TestDispatcherServlet  : Completed initialization in 0 ms
2025-10-20T22:29:07.671-03:00  INFO 25676 --- [           main] c.e.videomanager.VideoControllerTest     : Started VideoControllerTest in 0.358 seconds (process running for 7.493)
Hibernate: insert into video (description,metadata,title,url,id) values (?,?,?,?,default)
Hibernate: insert into video (description,metadata,title,url,id) values (?,?,?,?,default)
2025-10-20T22:29:07.687-03:00  INFO 25676 --- [           main] j.LocalContainerEntityManagerFactoryBean : Closing JPA EntityManagerFactory for persistence unit 'default'
Hibernate: drop table if exists video cascade 
2025-10-20T22:29:07.688-03:00  INFO 25676 --- [           main] com.zaxxer.hikari.HikariDataSource       : HikariPool-4 - Shutdown initiated...
2025-10-20T22:29:07.691-03:00  INFO 25676 --- [           main] com.zaxxer.hikari.HikariDataSource       : HikariPool-4 - Shutdown completed.
]]></system-out>
  </testcase>
</testsuite>